/!\ FAILSAFE /!\  Thu Dec 30 20:14:33 +0530 2010
  Status: 500 Internal Server Error
  Unknown database 'gitbabu_production'
    /usr/lib/ruby/gems/1.8/gems/activerecord-2.3.8/lib/active_record/connection_adapters/mysql_adapter.rb:619:in `real_connect'
    /usr/lib/ruby/gems/1.8/gems/activerecord-2.3.8/lib/active_record/connection_adapters/mysql_adapter.rb:619:in `connect'
    /usr/lib/ruby/gems/1.8/gems/activerecord-2.3.8/lib/active_record/connection_adapters/mysql_adapter.rb:203:in `initialize'
    /usr/lib/ruby/gems/1.8/gems/activerecord-2.3.8/lib/active_record/connection_adapters/mysql_adapter.rb:75:in `new'
    /usr/lib/ruby/gems/1.8/gems/activerecord-2.3.8/lib/active_record/connection_adapters/mysql_adapter.rb:75:in `mysql_connection'
    /usr/lib/ruby/gems/1.8/gems/activerecord-2.3.8/lib/active_record/connection_adapters/abstract/connection_pool.rb:223:in `send'
    /usr/lib/ruby/gems/1.8/gems/activerecord-2.3.8/lib/active_record/connection_adapters/abstract/connection_pool.rb:223:in `new_connection'
    /usr/lib/ruby/gems/1.8/gems/activerecord-2.3.8/lib/active_record/connection_adapters/abstract/connection_pool.rb:245:in `checkout_new_connection'
    /usr/lib/ruby/gems/1.8/gems/activerecord-2.3.8/lib/active_record/connection_adapters/abstract/connection_pool.rb:188:in `checkout'
    /usr/lib/ruby/gems/1.8/gems/activerecord-2.3.8/lib/active_record/connection_adapters/abstract/connection_pool.rb:184:in `loop'
    /usr/lib/ruby/gems/1.8/gems/activerecord-2.3.8/lib/active_record/connection_adapters/abstract/connection_pool.rb:184:in `checkout'
    /usr/lib/ruby/1.8/monitor.rb:242:in `synchronize'
    /usr/lib/ruby/gems/1.8/gems/activerecord-2.3.8/lib/active_record/connection_adapters/abstract/connection_pool.rb:183:in `checkout'
    /usr/lib/ruby/gems/1.8/gems/activerecord-2.3.8/lib/active_record/connection_adapters/abstract/connection_pool.rb:98:in `connection'
    /usr/lib/ruby/gems/1.8/gems/activerecord-2.3.8/lib/active_record/connection_adapters/abstract/connection_pool.rb:326:in `retrieve_connection'
    /usr/lib/ruby/gems/1.8/gems/activerecord-2.3.8/lib/active_record/connection_adapters/abstract/connection_specification.rb:123:in `retrieve_connection'
    /usr/lib/ruby/gems/1.8/gems/activerecord-2.3.8/lib/active_record/connection_adapters/abstract/connection_specification.rb:115:in `connection'
    /usr/lib/ruby/gems/1.8/gems/activerecord-2.3.8/lib/active_record/query_cache.rb:9:in `cache'
    /usr/lib/ruby/gems/1.8/gems/activerecord-2.3.8/lib/active_record/query_cache.rb:28:in `call'
    /usr/lib/ruby/gems/1.8/gems/activerecord-2.3.8/lib/active_record/connection_adapters/abstract/connection_pool.rb:361:in `call'
    /usr/lib/ruby/gems/1.8/gems/actionpack-2.3.8/lib/action_controller/string_coercion.rb:25:in `call'
    /usr/lib/ruby/gems/1.8/gems/rack-1.1.0/lib/rack/head.rb:9:in `call'
    /usr/lib/ruby/gems/1.8/gems/rack-1.1.0/lib/rack/methodoverride.rb:24:in `call'
    /usr/lib/ruby/gems/1.8/gems/actionpack-2.3.8/lib/action_controller/params_parser.rb:15:in `call'
    /usr/lib/ruby/gems/1.8/gems/actionpack-2.3.8/lib/action_controller/session/cookie_store.rb:99:in `call'
    /usr/lib/ruby/gems/1.8/gems/actionpack-2.3.8/lib/action_controller/failsafe.rb:26:in `call'
    /usr/lib/ruby/gems/1.8/gems/rack-1.1.0/lib/rack/lock.rb:11:in `call'
    /usr/lib/ruby/gems/1.8/gems/rack-1.1.0/lib/rack/lock.rb:11:in `synchronize'
    /usr/lib/ruby/gems/1.8/gems/rack-1.1.0/lib/rack/lock.rb:11:in `call'
    /usr/lib/ruby/gems/1.8/gems/actionpack-2.3.8/lib/action_controller/dispatcher.rb:106:in `call'
    /usr/lib/ruby/gems/1.8/gems/passenger-3.0.1/lib/phusion_passenger/rack/request_handler.rb:96:in `process_request'
    /usr/lib/ruby/gems/1.8/gems/passenger-3.0.1/lib/phusion_passenger/abstract_request_handler.rb:513:in `accept_and_process_next_request'
    /usr/lib/ruby/gems/1.8/gems/passenger-3.0.1/lib/phusion_passenger/abstract_request_handler.rb:274:in `main_loop'
    /usr/lib/ruby/gems/1.8/gems/passenger-3.0.1/lib/phusion_passenger/classic_rails/application_spawner.rb:321:in `start_request_handler'
    /usr/lib/ruby/gems/1.8/gems/passenger-3.0.1/lib/phusion_passenger/classic_rails/application_spawner.rb:275:in `send'
    /usr/lib/ruby/gems/1.8/gems/passenger-3.0.1/lib/phusion_passenger/classic_rails/application_spawner.rb:275:in `handle_spawn_application'
    /usr/lib/ruby/gems/1.8/gems/passenger-3.0.1/lib/phusion_passenger/utils.rb:479:in `safe_fork'
    /usr/lib/ruby/gems/1.8/gems/passenger-3.0.1/lib/phusion_passenger/classic_rails/application_spawner.rb:270:in `handle_spawn_application'
    /usr/lib/ruby/gems/1.8/gems/passenger-3.0.1/lib/phusion_passenger/abstract_server.rb:357:in `__send__'
    /usr/lib/ruby/gems/1.8/gems/passenger-3.0.1/lib/phusion_passenger/abstract_server.rb:357:in `server_main_loop'
    /usr/lib/ruby/gems/1.8/gems/passenger-3.0.1/lib/phusion_passenger/abstract_server.rb:206:in `start_synchronously'
    /usr/lib/ruby/gems/1.8/gems/passenger-3.0.1/lib/phusion_passenger/abstract_server.rb:180:in `start'
    /usr/lib/ruby/gems/1.8/gems/passenger-3.0.1/lib/phusion_passenger/classic_rails/application_spawner.rb:149:in `start'
    /usr/lib/ruby/gems/1.8/gems/passenger-3.0.1/lib/phusion_passenger/spawn_manager.rb:219:in `spawn_rails_application'
    /usr/lib/ruby/gems/1.8/gems/passenger-3.0.1/lib/phusion_passenger/abstract_server_collection.rb:132:in `lookup_or_add'
    /usr/lib/ruby/gems/1.8/gems/passenger-3.0.1/lib/phusion_passenger/spawn_manager.rb:214:in `spawn_rails_application'
    /usr/lib/ruby/gems/1.8/gems/passenger-3.0.1/lib/phusion_passenger/abstract_server_collection.rb:82:in `synchronize'
    /usr/lib/ruby/gems/1.8/gems/passenger-3.0.1/lib/phusion_passenger/abstract_server_collection.rb:79:in `synchronize'
    /usr/lib/ruby/gems/1.8/gems/passenger-3.0.1/lib/phusion_passenger/spawn_manager.rb:213:in `spawn_rails_application'
    /usr/lib/ruby/gems/1.8/gems/passenger-3.0.1/lib/phusion_passenger/spawn_manager.rb:132:in `spawn_application'
    /usr/lib/ruby/gems/1.8/gems/passenger-3.0.1/lib/phusion_passenger/spawn_manager.rb:275:in `handle_spawn_application'
    /usr/lib/ruby/gems/1.8/gems/passenger-3.0.1/lib/phusion_passenger/abstract_server.rb:357:in `__send__'
    /usr/lib/ruby/gems/1.8/gems/passenger-3.0.1/lib/phusion_passenger/abstract_server.rb:357:in `server_main_loop'
    /usr/lib/ruby/gems/1.8/gems/passenger-3.0.1/lib/phusion_passenger/abstract_server.rb:206:in `start_synchronously'
    /usr/lib/ruby/gems/1.8/gems/passenger-3.0.1/helper-scripts/passenger-spawn-server:99
/!\ FAILSAFE /!\  Thu Dec 30 20:16:06 +0530 2010
  Status: 500 Internal Server Error
  Unknown database 'gitbabu_production'
    /usr/lib/ruby/gems/1.8/gems/activerecord-2.3.8/lib/active_record/connection_adapters/mysql_adapter.rb:619:in `real_connect'
    /usr/lib/ruby/gems/1.8/gems/activerecord-2.3.8/lib/active_record/connection_adapters/mysql_adapter.rb:619:in `connect'
    /usr/lib/ruby/gems/1.8/gems/activerecord-2.3.8/lib/active_record/connection_adapters/mysql_adapter.rb:203:in `initialize'
    /usr/lib/ruby/gems/1.8/gems/activerecord-2.3.8/lib/active_record/connection_adapters/mysql_adapter.rb:75:in `new'
    /usr/lib/ruby/gems/1.8/gems/activerecord-2.3.8/lib/active_record/connection_adapters/mysql_adapter.rb:75:in `mysql_connection'
    /usr/lib/ruby/gems/1.8/gems/activerecord-2.3.8/lib/active_record/connection_adapters/abstract/connection_pool.rb:223:in `send'
    /usr/lib/ruby/gems/1.8/gems/activerecord-2.3.8/lib/active_record/connection_adapters/abstract/connection_pool.rb:223:in `new_connection'
    /usr/lib/ruby/gems/1.8/gems/activerecord-2.3.8/lib/active_record/connection_adapters/abstract/connection_pool.rb:245:in `checkout_new_connection'
    /usr/lib/ruby/gems/1.8/gems/activerecord-2.3.8/lib/active_record/connection_adapters/abstract/connection_pool.rb:188:in `checkout'
    /usr/lib/ruby/gems/1.8/gems/activerecord-2.3.8/lib/active_record/connection_adapters/abstract/connection_pool.rb:184:in `loop'
    /usr/lib/ruby/gems/1.8/gems/activerecord-2.3.8/lib/active_record/connection_adapters/abstract/connection_pool.rb:184:in `checkout'
    /usr/lib/ruby/1.8/monitor.rb:242:in `synchronize'
    /usr/lib/ruby/gems/1.8/gems/activerecord-2.3.8/lib/active_record/connection_adapters/abstract/connection_pool.rb:183:in `checkout'
    /usr/lib/ruby/gems/1.8/gems/activerecord-2.3.8/lib/active_record/connection_adapters/abstract/connection_pool.rb:98:in `connection'
    /usr/lib/ruby/gems/1.8/gems/activerecord-2.3.8/lib/active_record/connection_adapters/abstract/connection_pool.rb:326:in `retrieve_connection'
    /usr/lib/ruby/gems/1.8/gems/activerecord-2.3.8/lib/active_record/connection_adapters/abstract/connection_specification.rb:123:in `retrieve_connection'
    /usr/lib/ruby/gems/1.8/gems/activerecord-2.3.8/lib/active_record/connection_adapters/abstract/connection_specification.rb:115:in `connection'
    /usr/lib/ruby/gems/1.8/gems/activerecord-2.3.8/lib/active_record/query_cache.rb:9:in `cache'
    /usr/lib/ruby/gems/1.8/gems/activerecord-2.3.8/lib/active_record/query_cache.rb:28:in `call'
    /usr/lib/ruby/gems/1.8/gems/activerecord-2.3.8/lib/active_record/connection_adapters/abstract/connection_pool.rb:361:in `call'
    /usr/lib/ruby/gems/1.8/gems/actionpack-2.3.8/lib/action_controller/string_coercion.rb:25:in `call'
    /usr/lib/ruby/gems/1.8/gems/rack-1.1.0/lib/rack/head.rb:9:in `call'
    /usr/lib/ruby/gems/1.8/gems/rack-1.1.0/lib/rack/methodoverride.rb:24:in `call'
    /usr/lib/ruby/gems/1.8/gems/actionpack-2.3.8/lib/action_controller/params_parser.rb:15:in `call'
    /usr/lib/ruby/gems/1.8/gems/actionpack-2.3.8/lib/action_controller/session/cookie_store.rb:99:in `call'
    /usr/lib/ruby/gems/1.8/gems/actionpack-2.3.8/lib/action_controller/failsafe.rb:26:in `call'
    /usr/lib/ruby/gems/1.8/gems/rack-1.1.0/lib/rack/lock.rb:11:in `call'
    /usr/lib/ruby/gems/1.8/gems/rack-1.1.0/lib/rack/lock.rb:11:in `synchronize'
    /usr/lib/ruby/gems/1.8/gems/rack-1.1.0/lib/rack/lock.rb:11:in `call'
    /usr/lib/ruby/gems/1.8/gems/actionpack-2.3.8/lib/action_controller/dispatcher.rb:106:in `call'
    /usr/lib/ruby/gems/1.8/gems/passenger-3.0.1/lib/phusion_passenger/rack/request_handler.rb:96:in `process_request'
    /usr/lib/ruby/gems/1.8/gems/passenger-3.0.1/lib/phusion_passenger/abstract_request_handler.rb:513:in `accept_and_process_next_request'
    /usr/lib/ruby/gems/1.8/gems/passenger-3.0.1/lib/phusion_passenger/abstract_request_handler.rb:274:in `main_loop'
    /usr/lib/ruby/gems/1.8/gems/passenger-3.0.1/lib/phusion_passenger/classic_rails/application_spawner.rb:321:in `start_request_handler'
    /usr/lib/ruby/gems/1.8/gems/passenger-3.0.1/lib/phusion_passenger/classic_rails/application_spawner.rb:275:in `send'
    /usr/lib/ruby/gems/1.8/gems/passenger-3.0.1/lib/phusion_passenger/classic_rails/application_spawner.rb:275:in `handle_spawn_application'
    /usr/lib/ruby/gems/1.8/gems/passenger-3.0.1/lib/phusion_passenger/utils.rb:479:in `safe_fork'
    /usr/lib/ruby/gems/1.8/gems/passenger-3.0.1/lib/phusion_passenger/classic_rails/application_spawner.rb:270:in `handle_spawn_application'
    /usr/lib/ruby/gems/1.8/gems/passenger-3.0.1/lib/phusion_passenger/abstract_server.rb:357:in `__send__'
    /usr/lib/ruby/gems/1.8/gems/passenger-3.0.1/lib/phusion_passenger/abstract_server.rb:357:in `server_main_loop'
    /usr/lib/ruby/gems/1.8/gems/passenger-3.0.1/lib/phusion_passenger/abstract_server.rb:206:in `start_synchronously'
    /usr/lib/ruby/gems/1.8/gems/passenger-3.0.1/lib/phusion_passenger/abstract_server.rb:180:in `start'
    /usr/lib/ruby/gems/1.8/gems/passenger-3.0.1/lib/phusion_passenger/classic_rails/application_spawner.rb:149:in `start'
    /usr/lib/ruby/gems/1.8/gems/passenger-3.0.1/lib/phusion_passenger/spawn_manager.rb:219:in `spawn_rails_application'
    /usr/lib/ruby/gems/1.8/gems/passenger-3.0.1/lib/phusion_passenger/abstract_server_collection.rb:132:in `lookup_or_add'
    /usr/lib/ruby/gems/1.8/gems/passenger-3.0.1/lib/phusion_passenger/spawn_manager.rb:214:in `spawn_rails_application'
    /usr/lib/ruby/gems/1.8/gems/passenger-3.0.1/lib/phusion_passenger/abstract_server_collection.rb:82:in `synchronize'
    /usr/lib/ruby/gems/1.8/gems/passenger-3.0.1/lib/phusion_passenger/abstract_server_collection.rb:79:in `synchronize'
    /usr/lib/ruby/gems/1.8/gems/passenger-3.0.1/lib/phusion_passenger/spawn_manager.rb:213:in `spawn_rails_application'
    /usr/lib/ruby/gems/1.8/gems/passenger-3.0.1/lib/phusion_passenger/spawn_manager.rb:132:in `spawn_application'
    /usr/lib/ruby/gems/1.8/gems/passenger-3.0.1/lib/phusion_passenger/spawn_manager.rb:275:in `handle_spawn_application'
    /usr/lib/ruby/gems/1.8/gems/passenger-3.0.1/lib/phusion_passenger/abstract_server.rb:357:in `__send__'
    /usr/lib/ruby/gems/1.8/gems/passenger-3.0.1/lib/phusion_passenger/abstract_server.rb:357:in `server_main_loop'
    /usr/lib/ruby/gems/1.8/gems/passenger-3.0.1/lib/phusion_passenger/abstract_server.rb:206:in `start_synchronously'
    /usr/lib/ruby/gems/1.8/gems/passenger-3.0.1/helper-scripts/passenger-spawn-server:99
/!\ FAILSAFE /!\  Thu Dec 30 20:16:09 +0530 2010
  Status: 500 Internal Server Error
  Unknown database 'gitbabu_production'
    /usr/lib/ruby/gems/1.8/gems/activerecord-2.3.8/lib/active_record/connection_adapters/mysql_adapter.rb:619:in `real_connect'
    /usr/lib/ruby/gems/1.8/gems/activerecord-2.3.8/lib/active_record/connection_adapters/mysql_adapter.rb:619:in `connect'
    /usr/lib/ruby/gems/1.8/gems/activerecord-2.3.8/lib/active_record/connection_adapters/mysql_adapter.rb:203:in `initialize'
    /usr/lib/ruby/gems/1.8/gems/activerecord-2.3.8/lib/active_record/connection_adapters/mysql_adapter.rb:75:in `new'
    /usr/lib/ruby/gems/1.8/gems/activerecord-2.3.8/lib/active_record/connection_adapters/mysql_adapter.rb:75:in `mysql_connection'
    /usr/lib/ruby/gems/1.8/gems/activerecord-2.3.8/lib/active_record/connection_adapters/abstract/connection_pool.rb:223:in `send'
    /usr/lib/ruby/gems/1.8/gems/activerecord-2.3.8/lib/active_record/connection_adapters/abstract/connection_pool.rb:223:in `new_connection'
    /usr/lib/ruby/gems/1.8/gems/activerecord-2.3.8/lib/active_record/connection_adapters/abstract/connection_pool.rb:245:in `checkout_new_connection'
    /usr/lib/ruby/gems/1.8/gems/activerecord-2.3.8/lib/active_record/connection_adapters/abstract/connection_pool.rb:188:in `checkout'
    /usr/lib/ruby/gems/1.8/gems/activerecord-2.3.8/lib/active_record/connection_adapters/abstract/connection_pool.rb:184:in `loop'
    /usr/lib/ruby/gems/1.8/gems/activerecord-2.3.8/lib/active_record/connection_adapters/abstract/connection_pool.rb:184:in `checkout'
    /usr/lib/ruby/1.8/monitor.rb:242:in `synchronize'
    /usr/lib/ruby/gems/1.8/gems/activerecord-2.3.8/lib/active_record/connection_adapters/abstract/connection_pool.rb:183:in `checkout'
    /usr/lib/ruby/gems/1.8/gems/activerecord-2.3.8/lib/active_record/connection_adapters/abstract/connection_pool.rb:98:in `connection'
    /usr/lib/ruby/gems/1.8/gems/activerecord-2.3.8/lib/active_record/connection_adapters/abstract/connection_pool.rb:326:in `retrieve_connection'
    /usr/lib/ruby/gems/1.8/gems/activerecord-2.3.8/lib/active_record/connection_adapters/abstract/connection_specification.rb:123:in `retrieve_connection'
    /usr/lib/ruby/gems/1.8/gems/activerecord-2.3.8/lib/active_record/connection_adapters/abstract/connection_specification.rb:115:in `connection'
    /usr/lib/ruby/gems/1.8/gems/activerecord-2.3.8/lib/active_record/query_cache.rb:9:in `cache'
    /usr/lib/ruby/gems/1.8/gems/activerecord-2.3.8/lib/active_record/query_cache.rb:28:in `call'
    /usr/lib/ruby/gems/1.8/gems/activerecord-2.3.8/lib/active_record/connection_adapters/abstract/connection_pool.rb:361:in `call'
    /usr/lib/ruby/gems/1.8/gems/actionpack-2.3.8/lib/action_controller/string_coercion.rb:25:in `call'
    /usr/lib/ruby/gems/1.8/gems/rack-1.1.0/lib/rack/head.rb:9:in `call'
    /usr/lib/ruby/gems/1.8/gems/rack-1.1.0/lib/rack/methodoverride.rb:24:in `call'
    /usr/lib/ruby/gems/1.8/gems/actionpack-2.3.8/lib/action_controller/params_parser.rb:15:in `call'
    /usr/lib/ruby/gems/1.8/gems/actionpack-2.3.8/lib/action_controller/session/cookie_store.rb:99:in `call'
    /usr/lib/ruby/gems/1.8/gems/actionpack-2.3.8/lib/action_controller/failsafe.rb:26:in `call'
    /usr/lib/ruby/gems/1.8/gems/rack-1.1.0/lib/rack/lock.rb:11:in `call'
    /usr/lib/ruby/gems/1.8/gems/rack-1.1.0/lib/rack/lock.rb:11:in `synchronize'
    /usr/lib/ruby/gems/1.8/gems/rack-1.1.0/lib/rack/lock.rb:11:in `call'
    /usr/lib/ruby/gems/1.8/gems/actionpack-2.3.8/lib/action_controller/dispatcher.rb:106:in `call'
    /usr/lib/ruby/gems/1.8/gems/passenger-3.0.1/lib/phusion_passenger/rack/request_handler.rb:96:in `process_request'
    /usr/lib/ruby/gems/1.8/gems/passenger-3.0.1/lib/phusion_passenger/abstract_request_handler.rb:513:in `accept_and_process_next_request'
    /usr/lib/ruby/gems/1.8/gems/passenger-3.0.1/lib/phusion_passenger/abstract_request_handler.rb:274:in `main_loop'
    /usr/lib/ruby/gems/1.8/gems/passenger-3.0.1/lib/phusion_passenger/classic_rails/application_spawner.rb:321:in `start_request_handler'
    /usr/lib/ruby/gems/1.8/gems/passenger-3.0.1/lib/phusion_passenger/classic_rails/application_spawner.rb:275:in `send'
    /usr/lib/ruby/gems/1.8/gems/passenger-3.0.1/lib/phusion_passenger/classic_rails/application_spawner.rb:275:in `handle_spawn_application'
    /usr/lib/ruby/gems/1.8/gems/passenger-3.0.1/lib/phusion_passenger/utils.rb:479:in `safe_fork'
    /usr/lib/ruby/gems/1.8/gems/passenger-3.0.1/lib/phusion_passenger/classic_rails/application_spawner.rb:270:in `handle_spawn_application'
    /usr/lib/ruby/gems/1.8/gems/passenger-3.0.1/lib/phusion_passenger/abstract_server.rb:357:in `__send__'
    /usr/lib/ruby/gems/1.8/gems/passenger-3.0.1/lib/phusion_passenger/abstract_server.rb:357:in `server_main_loop'
    /usr/lib/ruby/gems/1.8/gems/passenger-3.0.1/lib/phusion_passenger/abstract_server.rb:206:in `start_synchronously'
    /usr/lib/ruby/gems/1.8/gems/passenger-3.0.1/lib/phusion_passenger/abstract_server.rb:180:in `start'
    /usr/lib/ruby/gems/1.8/gems/passenger-3.0.1/lib/phusion_passenger/classic_rails/application_spawner.rb:149:in `start'
    /usr/lib/ruby/gems/1.8/gems/passenger-3.0.1/lib/phusion_passenger/spawn_manager.rb:219:in `spawn_rails_application'
    /usr/lib/ruby/gems/1.8/gems/passenger-3.0.1/lib/phusion_passenger/abstract_server_collection.rb:132:in `lookup_or_add'
    /usr/lib/ruby/gems/1.8/gems/passenger-3.0.1/lib/phusion_passenger/spawn_manager.rb:214:in `spawn_rails_application'
    /usr/lib/ruby/gems/1.8/gems/passenger-3.0.1/lib/phusion_passenger/abstract_server_collection.rb:82:in `synchronize'
    /usr/lib/ruby/gems/1.8/gems/passenger-3.0.1/lib/phusion_passenger/abstract_server_collection.rb:79:in `synchronize'
    /usr/lib/ruby/gems/1.8/gems/passenger-3.0.1/lib/phusion_passenger/spawn_manager.rb:213:in `spawn_rails_application'
    /usr/lib/ruby/gems/1.8/gems/passenger-3.0.1/lib/phusion_passenger/spawn_manager.rb:132:in `spawn_application'
    /usr/lib/ruby/gems/1.8/gems/passenger-3.0.1/lib/phusion_passenger/spawn_manager.rb:275:in `handle_spawn_application'
    /usr/lib/ruby/gems/1.8/gems/passenger-3.0.1/lib/phusion_passenger/abstract_server.rb:357:in `__send__'
    /usr/lib/ruby/gems/1.8/gems/passenger-3.0.1/lib/phusion_passenger/abstract_server.rb:357:in `server_main_loop'
    /usr/lib/ruby/gems/1.8/gems/passenger-3.0.1/lib/phusion_passenger/abstract_server.rb:206:in `start_synchronously'
    /usr/lib/ruby/gems/1.8/gems/passenger-3.0.1/helper-scripts/passenger-spawn-server:99
/!\ FAILSAFE /!\  Thu Dec 30 20:16:10 +0530 2010
  Status: 500 Internal Server Error
  Unknown database 'gitbabu_production'
    /usr/lib/ruby/gems/1.8/gems/activerecord-2.3.8/lib/active_record/connection_adapters/mysql_adapter.rb:619:in `real_connect'
    /usr/lib/ruby/gems/1.8/gems/activerecord-2.3.8/lib/active_record/connection_adapters/mysql_adapter.rb:619:in `connect'
    /usr/lib/ruby/gems/1.8/gems/activerecord-2.3.8/lib/active_record/connection_adapters/mysql_adapter.rb:203:in `initialize'
    /usr/lib/ruby/gems/1.8/gems/activerecord-2.3.8/lib/active_record/connection_adapters/mysql_adapter.rb:75:in `new'
    /usr/lib/ruby/gems/1.8/gems/activerecord-2.3.8/lib/active_record/connection_adapters/mysql_adapter.rb:75:in `mysql_connection'
    /usr/lib/ruby/gems/1.8/gems/activerecord-2.3.8/lib/active_record/connection_adapters/abstract/connection_pool.rb:223:in `send'
    /usr/lib/ruby/gems/1.8/gems/activerecord-2.3.8/lib/active_record/connection_adapters/abstract/connection_pool.rb:223:in `new_connection'
    /usr/lib/ruby/gems/1.8/gems/activerecord-2.3.8/lib/active_record/connection_adapters/abstract/connection_pool.rb:245:in `checkout_new_connection'
    /usr/lib/ruby/gems/1.8/gems/activerecord-2.3.8/lib/active_record/connection_adapters/abstract/connection_pool.rb:188:in `checkout'
    /usr/lib/ruby/gems/1.8/gems/activerecord-2.3.8/lib/active_record/connection_adapters/abstract/connection_pool.rb:184:in `loop'
    /usr/lib/ruby/gems/1.8/gems/activerecord-2.3.8/lib/active_record/connection_adapters/abstract/connection_pool.rb:184:in `checkout'
    /usr/lib/ruby/1.8/monitor.rb:242:in `synchronize'
    /usr/lib/ruby/gems/1.8/gems/activerecord-2.3.8/lib/active_record/connection_adapters/abstract/connection_pool.rb:183:in `checkout'
    /usr/lib/ruby/gems/1.8/gems/activerecord-2.3.8/lib/active_record/connection_adapters/abstract/connection_pool.rb:98:in `connection'
    /usr/lib/ruby/gems/1.8/gems/activerecord-2.3.8/lib/active_record/connection_adapters/abstract/connection_pool.rb:326:in `retrieve_connection'
    /usr/lib/ruby/gems/1.8/gems/activerecord-2.3.8/lib/active_record/connection_adapters/abstract/connection_specification.rb:123:in `retrieve_connection'
    /usr/lib/ruby/gems/1.8/gems/activerecord-2.3.8/lib/active_record/connection_adapters/abstract/connection_specification.rb:115:in `connection'
    /usr/lib/ruby/gems/1.8/gems/activerecord-2.3.8/lib/active_record/query_cache.rb:9:in `cache'
    /usr/lib/ruby/gems/1.8/gems/activerecord-2.3.8/lib/active_record/query_cache.rb:28:in `call'
    /usr/lib/ruby/gems/1.8/gems/activerecord-2.3.8/lib/active_record/connection_adapters/abstract/connection_pool.rb:361:in `call'
    /usr/lib/ruby/gems/1.8/gems/actionpack-2.3.8/lib/action_controller/string_coercion.rb:25:in `call'
    /usr/lib/ruby/gems/1.8/gems/rack-1.1.0/lib/rack/head.rb:9:in `call'
    /usr/lib/ruby/gems/1.8/gems/rack-1.1.0/lib/rack/methodoverride.rb:24:in `call'
    /usr/lib/ruby/gems/1.8/gems/actionpack-2.3.8/lib/action_controller/params_parser.rb:15:in `call'
    /usr/lib/ruby/gems/1.8/gems/actionpack-2.3.8/lib/action_controller/session/cookie_store.rb:99:in `call'
    /usr/lib/ruby/gems/1.8/gems/actionpack-2.3.8/lib/action_controller/failsafe.rb:26:in `call'
    /usr/lib/ruby/gems/1.8/gems/rack-1.1.0/lib/rack/lock.rb:11:in `call'
    /usr/lib/ruby/gems/1.8/gems/rack-1.1.0/lib/rack/lock.rb:11:in `synchronize'
    /usr/lib/ruby/gems/1.8/gems/rack-1.1.0/lib/rack/lock.rb:11:in `call'
    /usr/lib/ruby/gems/1.8/gems/actionpack-2.3.8/lib/action_controller/dispatcher.rb:106:in `call'
    /usr/lib/ruby/gems/1.8/gems/passenger-3.0.1/lib/phusion_passenger/rack/request_handler.rb:96:in `process_request'
    /usr/lib/ruby/gems/1.8/gems/passenger-3.0.1/lib/phusion_passenger/abstract_request_handler.rb:513:in `accept_and_process_next_request'
    /usr/lib/ruby/gems/1.8/gems/passenger-3.0.1/lib/phusion_passenger/abstract_request_handler.rb:274:in `main_loop'
    /usr/lib/ruby/gems/1.8/gems/passenger-3.0.1/lib/phusion_passenger/classic_rails/application_spawner.rb:321:in `start_request_handler'
    /usr/lib/ruby/gems/1.8/gems/passenger-3.0.1/lib/phusion_passenger/classic_rails/application_spawner.rb:275:in `send'
    /usr/lib/ruby/gems/1.8/gems/passenger-3.0.1/lib/phusion_passenger/classic_rails/application_spawner.rb:275:in `handle_spawn_application'
    /usr/lib/ruby/gems/1.8/gems/passenger-3.0.1/lib/phusion_passenger/utils.rb:479:in `safe_fork'
    /usr/lib/ruby/gems/1.8/gems/passenger-3.0.1/lib/phusion_passenger/classic_rails/application_spawner.rb:270:in `handle_spawn_application'
    /usr/lib/ruby/gems/1.8/gems/passenger-3.0.1/lib/phusion_passenger/abstract_server.rb:357:in `__send__'
    /usr/lib/ruby/gems/1.8/gems/passenger-3.0.1/lib/phusion_passenger/abstract_server.rb:357:in `server_main_loop'
    /usr/lib/ruby/gems/1.8/gems/passenger-3.0.1/lib/phusion_passenger/abstract_server.rb:206:in `start_synchronously'
    /usr/lib/ruby/gems/1.8/gems/passenger-3.0.1/lib/phusion_passenger/abstract_server.rb:180:in `start'
    /usr/lib/ruby/gems/1.8/gems/passenger-3.0.1/lib/phusion_passenger/classic_rails/application_spawner.rb:149:in `start'
    /usr/lib/ruby/gems/1.8/gems/passenger-3.0.1/lib/phusion_passenger/spawn_manager.rb:219:in `spawn_rails_application'
    /usr/lib/ruby/gems/1.8/gems/passenger-3.0.1/lib/phusion_passenger/abstract_server_collection.rb:132:in `lookup_or_add'
    /usr/lib/ruby/gems/1.8/gems/passenger-3.0.1/lib/phusion_passenger/spawn_manager.rb:214:in `spawn_rails_application'
    /usr/lib/ruby/gems/1.8/gems/passenger-3.0.1/lib/phusion_passenger/abstract_server_collection.rb:82:in `synchronize'
    /usr/lib/ruby/gems/1.8/gems/passenger-3.0.1/lib/phusion_passenger/abstract_server_collection.rb:79:in `synchronize'
    /usr/lib/ruby/gems/1.8/gems/passenger-3.0.1/lib/phusion_passenger/spawn_manager.rb:213:in `spawn_rails_application'
    /usr/lib/ruby/gems/1.8/gems/passenger-3.0.1/lib/phusion_passenger/spawn_manager.rb:132:in `spawn_application'
    /usr/lib/ruby/gems/1.8/gems/passenger-3.0.1/lib/phusion_passenger/spawn_manager.rb:275:in `handle_spawn_application'
    /usr/lib/ruby/gems/1.8/gems/passenger-3.0.1/lib/phusion_passenger/abstract_server.rb:357:in `__send__'
    /usr/lib/ruby/gems/1.8/gems/passenger-3.0.1/lib/phusion_passenger/abstract_server.rb:357:in `server_main_loop'
    /usr/lib/ruby/gems/1.8/gems/passenger-3.0.1/lib/phusion_passenger/abstract_server.rb:206:in `start_synchronously'
    /usr/lib/ruby/gems/1.8/gems/passenger-3.0.1/helper-scripts/passenger-spawn-server:99
